Performing C SOURCE FILE Test CMAKE_HAVE_LIBC_PTHREAD failed with the following output:
Change Dir: /home/alumno/robocomp/components/beta-robotica-class/RoboticaAvanzada/giraff_viewer/CMakeFiles/CMakeTmp

Run Build Command(s):/usr/bin/make -f Makefile cmTC_b6566/fast && /usr/bin/make  -f CMakeFiles/cmTC_b6566.dir/build.make CMakeFiles/cmTC_b6566.dir/build
make[1]: se entra en el directorio '/home/alumno/robocomp/components/beta-robotica-class/RoboticaAvanzada/giraff_viewer/CMakeFiles/CMakeTmp'
Building C object CMakeFiles/cmTC_b6566.dir/src.c.o
/usr/bin/cc -DCMAKE_HAVE_LIBC_PTHREAD   -o CMakeFiles/cmTC_b6566.dir/src.c.o -c /home/alumno/robocomp/components/beta-robotica-class/RoboticaAvanzada/giraff_viewer/CMakeFiles/CMakeTmp/src.c
Linking C executable cmTC_b6566
/snap/clion/180/bin/cmake/linux/bin/cmake -E cmake_link_script CMakeFiles/cmTC_b6566.dir/link.txt --verbose=1
/usr/bin/cc CMakeFiles/cmTC_b6566.dir/src.c.o -o cmTC_b6566 
/usr/bin/ld: CMakeFiles/cmTC_b6566.dir/src.c.o: en la función `main':
src.c:(.text+0x46): referencia a `pthread_create' sin definir
/usr/bin/ld: src.c:(.text+0x52): referencia a `pthread_detach' sin definir
/usr/bin/ld: src.c:(.text+0x5e): referencia a `pthread_cancel' sin definir
/usr/bin/ld: src.c:(.text+0x6f): referencia a `pthread_join' sin definir
collect2: error: ld returned 1 exit status
make[1]: *** [CMakeFiles/cmTC_b6566.dir/build.make:99: cmTC_b6566] Error 1
make[1]: se sale del directorio '/home/alumno/robocomp/components/beta-robotica-class/RoboticaAvanzada/giraff_viewer/CMakeFiles/CMakeTmp'
make: *** [Makefile:127: cmTC_b6566/fast] Error 2


Source file was:
#include <pthread.h>

static void* test_func(void* data)
{
  return data;
}

int main(void)
{
  pthread_t thread;
  pthread_create(&thread, NULL, test_func, NULL);
  pthread_detach(thread);
  pthread_cancel(thread);
  pthread_join(thread, NULL);
  pthread_atfork(NULL, NULL, NULL);
  pthread_exit(NULL);

  return 0;
}

Determining if the function pthread_create exists in the pthreads failed with the following output:
Change Dir: /home/alumno/robocomp/components/beta-robotica-class/RoboticaAvanzada/giraff_viewer/CMakeFiles/CMakeTmp

Run Build Command(s):/usr/bin/make -f Makefile cmTC_4885f/fast && /usr/bin/make  -f CMakeFiles/cmTC_4885f.dir/build.make CMakeFiles/cmTC_4885f.dir/build
make[1]: se entra en el directorio '/home/alumno/robocomp/components/beta-robotica-class/RoboticaAvanzada/giraff_viewer/CMakeFiles/CMakeTmp'
Building C object CMakeFiles/cmTC_4885f.dir/CheckFunctionExists.c.o
/usr/bin/cc   -DCHECK_FUNCTION_EXISTS=pthread_create -o CMakeFiles/cmTC_4885f.dir/CheckFunctionExists.c.o -c /snap/clion/180/bin/cmake/linux/share/cmake-3.21/Modules/CheckFunctionExists.c
Linking C executable cmTC_4885f
/snap/clion/180/bin/cmake/linux/bin/cmake -E cmake_link_script CMakeFiles/cmTC_4885f.dir/link.txt --verbose=1
/usr/bin/cc  -DCHECK_FUNCTION_EXISTS=pthread_create CMakeFiles/cmTC_4885f.dir/CheckFunctionExists.c.o -o cmTC_4885f  -lpthreads 
/usr/bin/ld: no se puede encontrar -lpthreads
collect2: error: ld returned 1 exit status
make[1]: *** [CMakeFiles/cmTC_4885f.dir/build.make:99: cmTC_4885f] Error 1
make[1]: se sale del directorio '/home/alumno/robocomp/components/beta-robotica-class/RoboticaAvanzada/giraff_viewer/CMakeFiles/CMakeTmp'
make: *** [Makefile:127: cmTC_4885f/fast] Error 2



